<?xml version="1.0" encoding="UTF-8"?>
<testsuite xmlns:xsi="http://www.w3.org/2001/XMLSchema-instance" xsi:noNamespaceSchemaLocation="https://maven.apache.org/surefire/maven-surefire-plugin/xsd/surefire-test-report.xsd" name="com.zy.gongzhonghao.management.ManagementApplicationTests" time="0.005" tests="1" errors="0" skipped="1" failures="0">
  <properties>
    <property name="sun.desktop" value="windows"/>
    <property name="awt.toolkit" value="sun.awt.windows.WToolkit"/>
    <property name="file.encoding.pkg" value="sun.io"/>
    <property name="java.specification.version" value="1.8"/>
    <property name="sun.cpu.isalist" value="amd64"/>
    <property name="sun.jnu.encoding" value="GBK"/>
    <property name="java.class.path" value="D:\IdeaWork\management\target\test-classes;D:\IdeaWork\management\target\classes;D:\IdeaMvn\org\springframework\boot\spring-boot-starter\2.1.3.RELEASE\spring-boot-starter-2.1.3.RELEASE.jar;D:\IdeaMvn\org\springframework\boot\spring-boot\2.1.3.RELEASE\spring-boot-2.1.3.RELEASE.jar;D:\IdeaMvn\org\springframework\spring-context\5.1.5.RELEASE\spring-context-5.1.5.RELEASE.jar;D:\IdeaMvn\org\springframework\boot\spring-boot-autoconfigure\2.1.3.RELEASE\spring-boot-autoconfigure-2.1.3.RELEASE.jar;D:\IdeaMvn\org\springframework\boot\spring-boot-starter-logging\2.1.3.RELEASE\spring-boot-starter-logging-2.1.3.RELEASE.jar;D:\IdeaMvn\ch\qos\logback\logback-classic\1.2.3\logback-classic-1.2.3.jar;D:\IdeaMvn\ch\qos\logback\logback-core\1.2.3\logback-core-1.2.3.jar;D:\IdeaMvn\org\apache\logging\log4j\log4j-to-slf4j\2.11.2\log4j-to-slf4j-2.11.2.jar;D:\IdeaMvn\org\apache\logging\log4j\log4j-api\2.11.2\log4j-api-2.11.2.jar;D:\IdeaMvn\org\slf4j\jul-to-slf4j\1.7.25\jul-to-slf4j-1.7.25.jar;D:\IdeaMvn\javax\annotation\javax.annotation-api\1.3.2\javax.annotation-api-1.3.2.jar;D:\IdeaMvn\org\springframework\spring-core\5.1.5.RELEASE\spring-core-5.1.5.RELEASE.jar;D:\IdeaMvn\org\springframework\spring-jcl\5.1.5.RELEASE\spring-jcl-5.1.5.RELEASE.jar;D:\IdeaMvn\org\yaml\snakeyaml\1.23\snakeyaml-1.23.jar;D:\IdeaMvn\org\springframework\boot\spring-boot-starter-test\2.1.3.RELEASE\spring-boot-starter-test-2.1.3.RELEASE.jar;D:\IdeaMvn\org\springframework\boot\spring-boot-test\2.1.3.RELEASE\spring-boot-test-2.1.3.RELEASE.jar;D:\IdeaMvn\org\springframework\boot\spring-boot-test-autoconfigure\2.1.3.RELEASE\spring-boot-test-autoconfigure-2.1.3.RELEASE.jar;D:\IdeaMvn\com\jayway\jsonpath\json-path\2.4.0\json-path-2.4.0.jar;D:\IdeaMvn\net\minidev\json-smart\2.3\json-smart-2.3.jar;D:\IdeaMvn\net\minidev\accessors-smart\1.2\accessors-smart-1.2.jar;D:\IdeaMvn\org\ow2\asm\asm\5.0.4\asm-5.0.4.jar;D:\IdeaMvn\junit\junit\4.12\junit-4.12.jar;D:\IdeaMvn\org\assertj\assertj-core\3.11.1\assertj-core-3.11.1.jar;D:\IdeaMvn\org\mockito\mockito-core\2.23.4\mockito-core-2.23.4.jar;D:\IdeaMvn\net\bytebuddy\byte-buddy\1.9.10\byte-buddy-1.9.10.jar;D:\IdeaMvn\net\bytebuddy\byte-buddy-agent\1.9.10\byte-buddy-agent-1.9.10.jar;D:\IdeaMvn\org\objenesis\objenesis\2.6\objenesis-2.6.jar;D:\IdeaMvn\org\hamcrest\hamcrest-core\1.3\hamcrest-core-1.3.jar;D:\IdeaMvn\org\hamcrest\hamcrest-library\1.3\hamcrest-library-1.3.jar;D:\IdeaMvn\org\skyscreamer\jsonassert\1.5.0\jsonassert-1.5.0.jar;D:\IdeaMvn\com\vaadin\external\google\android-json\0.0.20131108.vaadin1\android-json-0.0.20131108.vaadin1.jar;D:\IdeaMvn\org\springframework\spring-test\5.1.5.RELEASE\spring-test-5.1.5.RELEASE.jar;D:\IdeaMvn\org\xmlunit\xmlunit-core\2.6.2\xmlunit-core-2.6.2.jar;D:\IdeaMvn\mysql\mysql-connector-java\5.1.25\mysql-connector-java-5.1.25.jar;D:\IdeaMvn\com\alibaba\druid\1.0.5\druid-1.0.5.jar;D:\IdeaMvn\org\mybatis\spring\boot\mybatis-spring-boot-starter\1.3.1\mybatis-spring-boot-starter-1.3.1.jar;D:\IdeaMvn\org\springframework\boot\spring-boot-starter-jdbc\2.1.3.RELEASE\spring-boot-starter-jdbc-2.1.3.RELEASE.jar;D:\IdeaMvn\com\zaxxer\HikariCP\3.2.0\HikariCP-3.2.0.jar;D:\IdeaMvn\org\springframework\spring-jdbc\5.1.5.RELEASE\spring-jdbc-5.1.5.RELEASE.jar;D:\IdeaMvn\org\springframework\spring-tx\5.1.5.RELEASE\spring-tx-5.1.5.RELEASE.jar;D:\IdeaMvn\org\mybatis\spring\boot\mybatis-spring-boot-autoconfigure\1.3.1\mybatis-spring-boot-autoconfigure-1.3.1.jar;D:\IdeaMvn\org\mybatis\mybatis\3.4.5\mybatis-3.4.5.jar;D:\IdeaMvn\org\mybatis\mybatis-spring\1.3.1\mybatis-spring-1.3.1.jar;D:\IdeaMvn\org\springframework\boot\spring-boot-starter-web\2.1.3.RELEASE\spring-boot-starter-web-2.1.3.RELEASE.jar;D:\IdeaMvn\org\springframework\boot\spring-boot-starter-json\2.1.3.RELEASE\spring-boot-starter-json-2.1.3.RELEASE.jar;D:\IdeaMvn\com\fasterxml\jackson\core\jackson-databind\2.9.8\jackson-databind-2.9.8.jar;D:\IdeaMvn\com\fasterxml\jackson\core\jackson-core\2.9.8\jackson-core-2.9.8.jar;D:\IdeaMvn\com\fasterxml\jackson\datatype\jackson-datatype-jdk8\2.9.8\jackson-datatype-jdk8-2.9.8.jar;D:\IdeaMvn\com\fasterxml\jackson\datatype\jackson-datatype-jsr310\2.9.8\jackson-datatype-jsr310-2.9.8.jar;D:\IdeaMvn\com\fasterxml\jackson\module\jackson-module-parameter-names\2.9.8\jackson-module-parameter-names-2.9.8.jar;D:\IdeaMvn\org\springframework\boot\spring-boot-starter-tomcat\2.1.3.RELEASE\spring-boot-starter-tomcat-2.1.3.RELEASE.jar;D:\IdeaMvn\org\apache\tomcat\embed\tomcat-embed-core\9.0.16\tomcat-embed-core-9.0.16.jar;D:\IdeaMvn\org\apache\tomcat\embed\tomcat-embed-el\9.0.16\tomcat-embed-el-9.0.16.jar;D:\IdeaMvn\org\apache\tomcat\embed\tomcat-embed-websocket\9.0.16\tomcat-embed-websocket-9.0.16.jar;D:\IdeaMvn\org\hibernate\validator\hibernate-validator\6.0.14.Final\hibernate-validator-6.0.14.Final.jar;D:\IdeaMvn\javax\validation\validation-api\2.0.1.Final\validation-api-2.0.1.Final.jar;D:\IdeaMvn\org\jboss\logging\jboss-logging\3.3.2.Final\jboss-logging-3.3.2.Final.jar;D:\IdeaMvn\org\springframework\spring-web\5.1.5.RELEASE\spring-web-5.1.5.RELEASE.jar;D:\IdeaMvn\org\springframework\spring-beans\5.1.5.RELEASE\spring-beans-5.1.5.RELEASE.jar;D:\IdeaMvn\org\springframework\spring-webmvc\5.1.5.RELEASE\spring-webmvc-5.1.5.RELEASE.jar;D:\IdeaMvn\org\springframework\spring-aop\5.1.5.RELEASE\spring-aop-5.1.5.RELEASE.jar;D:\IdeaMvn\org\springframework\spring-expression\5.1.5.RELEASE\spring-expression-5.1.5.RELEASE.jar;D:\IdeaMvn\com\alibaba\fastjson\1.2.46\fastjson-1.2.46.jar;D:\IdeaMvn\commons-lang\commons-lang\2.6\commons-lang-2.6.jar;D:\IdeaMvn\net\sourceforge\nekohtml\nekohtml\1.9.20\nekohtml-1.9.20.jar;D:\IdeaMvn\xerces\xercesImpl\2.10.0\xercesImpl-2.10.0.jar;D:\IdeaMvn\org\springframework\boot\spring-boot-starter-thymeleaf\2.1.3.RELEASE\spring-boot-starter-thymeleaf-2.1.3.RELEASE.jar;D:\IdeaMvn\org\thymeleaf\thymeleaf-spring5\3.0.11.RELEASE\thymeleaf-spring5-3.0.11.RELEASE.jar;D:\IdeaMvn\org\thymeleaf\thymeleaf\3.0.11.RELEASE\thymeleaf-3.0.11.RELEASE.jar;D:\IdeaMvn\org\attoparser\attoparser\2.0.5.RELEASE\attoparser-2.0.5.RELEASE.jar;D:\IdeaMvn\org\unbescape\unbescape\1.1.6.RELEASE\unbescape-1.1.6.RELEASE.jar;D:\IdeaMvn\org\thymeleaf\extras\thymeleaf-extras-java8time\3.0.3.RELEASE\thymeleaf-extras-java8time-3.0.3.RELEASE.jar;D:\IdeaMvn\commons-beanutils\commons-beanutils\1.9.3\commons-beanutils-1.9.3.jar;D:\IdeaMvn\commons-logging\commons-logging\1.2\commons-logging-1.2.jar;D:\IdeaMvn\commons-collections\commons-collections\3.2.2\commons-collections-3.2.2.jar;D:\IdeaMvn\net\java\dev\jna\jna\4.5.1\jna-4.5.1.jar;D:\IdeaMvn\org\jsoup\jsoup\1.11.2\jsoup-1.11.2.jar;D:\IdeaMvn\org\projectlombok\lombok\1.18.6\lombok-1.18.6.jar;D:\IdeaMvn\io\springfox\springfox-swagger2\2.7.0\springfox-swagger2-2.7.0.jar;D:\IdeaMvn\io\swagger\swagger-annotations\1.5.13\swagger-annotations-1.5.13.jar;D:\IdeaMvn\io\swagger\swagger-models\1.5.13\swagger-models-1.5.13.jar;D:\IdeaMvn\com\fasterxml\jackson\core\jackson-annotations\2.9.0\jackson-annotations-2.9.0.jar;D:\IdeaMvn\io\springfox\springfox-spi\2.7.0\springfox-spi-2.7.0.jar;D:\IdeaMvn\io\springfox\springfox-core\2.7.0\springfox-core-2.7.0.jar;D:\IdeaMvn\io\springfox\springfox-schema\2.7.0\springfox-schema-2.7.0.jar;D:\IdeaMvn\io\springfox\springfox-swagger-common\2.7.0\springfox-swagger-common-2.7.0.jar;D:\IdeaMvn\io\springfox\springfox-spring-web\2.7.0\springfox-spring-web-2.7.0.jar;D:\IdeaMvn\org\reflections\reflections\0.9.11\reflections-0.9.11.jar;D:\IdeaMvn\org\javassist\javassist\3.21.0-GA\javassist-3.21.0-GA.jar;D:\IdeaMvn\com\google\guava\guava\18.0\guava-18.0.jar;D:\IdeaMvn\com\fasterxml\classmate\1.4.0\classmate-1.4.0.jar;D:\IdeaMvn\org\slf4j\slf4j-api\1.7.25\slf4j-api-1.7.25.jar;D:\IdeaMvn\org\springframework\plugin\spring-plugin-core\1.2.0.RELEASE\spring-plugin-core-1.2.0.RELEASE.jar;D:\IdeaMvn\org\springframework\plugin\spring-plugin-metadata\1.2.0.RELEASE\spring-plugin-metadata-1.2.0.RELEASE.jar;D:\IdeaMvn\org\mapstruct\mapstruct\1.1.0.Final\mapstruct-1.1.0.Final.jar;D:\IdeaMvn\io\springfox\springfox-swagger-ui\2.7.0\springfox-swagger-ui-2.7.0.jar;D:\IdeaMvn\com\baomidou\mybatis-plus-boot-starter\3.0.5\mybatis-plus-boot-starter-3.0.5.jar;D:\IdeaMvn\com\baomidou\mybatis-plus\3.0.5\mybatis-plus-3.0.5.jar;D:\IdeaMvn\com\baomidou\mybatis-plus-extension\3.0.5\mybatis-plus-extension-3.0.5.jar;D:\IdeaMvn\com\baomidou\mybatis-plus-core\3.0.5\mybatis-plus-core-3.0.5.jar;D:\IdeaMvn\com\baomidou\mybatis-plus-annotation\3.0.5\mybatis-plus-annotation-3.0.5.jar;D:\IdeaMvn\com\github\jsqlparser\jsqlparser\1.2\jsqlparser-1.2.jar;D:\IdeaMvn\com\baomidou\mybatis-plus-generator\3.0.5\mybatis-plus-generator-3.0.5.jar;D:\IdeaMvn\org\springframework\boot\spring-boot-configuration-processor\2.1.3.RELEASE\spring-boot-configuration-processor-2.1.3.RELEASE.jar;D:\IdeaMvn\org\apache\velocity\velocity-engine-core\2.0\velocity-engine-core-2.0.jar;D:\IdeaMvn\org\apache\commons\commons-lang3\3.7\commons-lang3-3.7.jar;D:\IdeaMvn\org\apache\poi\poi\3.9\poi-3.9.jar;D:\IdeaMvn\commons-codec\commons-codec\1.11\commons-codec-1.11.jar;D:\IdeaMvn\commons-fileupload\commons-fileupload\1.3.1\commons-fileupload-1.3.1.jar;D:\IdeaMvn\commons-io\commons-io\2.2\commons-io-2.2.jar;D:\IdeaMvn\xml-apis\xml-apis\1.4.01\xml-apis-1.4.01.jar;D:\IdeaMvn\org\apache\httpcomponents\httpclient\4.5.5\httpclient-4.5.5.jar;D:\IdeaMvn\org\apache\httpcomponents\httpcore\4.4.11\httpcore-4.4.11.jar;D:\IdeaMvn\com\google\code\gson\gson\2.8.5\gson-2.8.5.jar;"/>
    <property name="java.vm.vendor" value="Oracle Corporation"/>
    <property name="sun.arch.data.model" value="64"/>
    <property name="user.variant" value=""/>
    <property name="java.vendor.url" value="http://java.oracle.com/"/>
    <property name="user.timezone" value="Asia/Shanghai"/>
    <property name="java.vm.specification.version" value="1.8"/>
    <property name="os.name" value="Windows 10"/>
    <property name="user.country" value="CN"/>
    <property name="sun.java.launcher" value="SUN_STANDARD"/>
    <property name="sun.boot.library.path" value="C:\Program Files\Java\jdk1.8.0_181\jre\bin"/>
    <property name="sun.java.command" value="C:\Users\ADMINI~1\AppData\Local\Temp\surefire7614587063251480912\surefirebooter2585810517599601702.jar C:\Users\Administrator\AppData\Local\Temp\surefire7614587063251480912 2019-04-25T09-54-58_401-jvmRun1 surefire4868523350191100248tmp surefire_03034261103684739299tmp"/>
    <property name="surefire.test.class.path" value="D:\IdeaWork\management\target\test-classes;D:\IdeaWork\management\target\classes;D:\IdeaMvn\org\springframework\boot\spring-boot-starter\2.1.3.RELEASE\spring-boot-starter-2.1.3.RELEASE.jar;D:\IdeaMvn\org\springframework\boot\spring-boot\2.1.3.RELEASE\spring-boot-2.1.3.RELEASE.jar;D:\IdeaMvn\org\springframework\spring-context\5.1.5.RELEASE\spring-context-5.1.5.RELEASE.jar;D:\IdeaMvn\org\springframework\boot\spring-boot-autoconfigure\2.1.3.RELEASE\spring-boot-autoconfigure-2.1.3.RELEASE.jar;D:\IdeaMvn\org\springframework\boot\spring-boot-starter-logging\2.1.3.RELEASE\spring-boot-starter-logging-2.1.3.RELEASE.jar;D:\IdeaMvn\ch\qos\logback\logback-classic\1.2.3\logback-classic-1.2.3.jar;D:\IdeaMvn\ch\qos\logback\logback-core\1.2.3\logback-core-1.2.3.jar;D:\IdeaMvn\org\apache\logging\log4j\log4j-to-slf4j\2.11.2\log4j-to-slf4j-2.11.2.jar;D:\IdeaMvn\org\apache\logging\log4j\log4j-api\2.11.2\log4j-api-2.11.2.jar;D:\IdeaMvn\org\slf4j\jul-to-slf4j\1.7.25\jul-to-slf4j-1.7.25.jar;D:\IdeaMvn\javax\annotation\javax.annotation-api\1.3.2\javax.annotation-api-1.3.2.jar;D:\IdeaMvn\org\springframework\spring-core\5.1.5.RELEASE\spring-core-5.1.5.RELEASE.jar;D:\IdeaMvn\org\springframework\spring-jcl\5.1.5.RELEASE\spring-jcl-5.1.5.RELEASE.jar;D:\IdeaMvn\org\yaml\snakeyaml\1.23\snakeyaml-1.23.jar;D:\IdeaMvn\org\springframework\boot\spring-boot-starter-test\2.1.3.RELEASE\spring-boot-starter-test-2.1.3.RELEASE.jar;D:\IdeaMvn\org\springframework\boot\spring-boot-test\2.1.3.RELEASE\spring-boot-test-2.1.3.RELEASE.jar;D:\IdeaMvn\org\springframework\boot\spring-boot-test-autoconfigure\2.1.3.RELEASE\spring-boot-test-autoconfigure-2.1.3.RELEASE.jar;D:\IdeaMvn\com\jayway\jsonpath\json-path\2.4.0\json-path-2.4.0.jar;D:\IdeaMvn\net\minidev\json-smart\2.3\json-smart-2.3.jar;D:\IdeaMvn\net\minidev\accessors-smart\1.2\accessors-smart-1.2.jar;D:\IdeaMvn\org\ow2\asm\asm\5.0.4\asm-5.0.4.jar;D:\IdeaMvn\junit\junit\4.12\junit-4.12.jar;D:\IdeaMvn\org\assertj\assertj-core\3.11.1\assertj-core-3.11.1.jar;D:\IdeaMvn\org\mockito\mockito-core\2.23.4\mockito-core-2.23.4.jar;D:\IdeaMvn\net\bytebuddy\byte-buddy\1.9.10\byte-buddy-1.9.10.jar;D:\IdeaMvn\net\bytebuddy\byte-buddy-agent\1.9.10\byte-buddy-agent-1.9.10.jar;D:\IdeaMvn\org\objenesis\objenesis\2.6\objenesis-2.6.jar;D:\IdeaMvn\org\hamcrest\hamcrest-core\1.3\hamcrest-core-1.3.jar;D:\IdeaMvn\org\hamcrest\hamcrest-library\1.3\hamcrest-library-1.3.jar;D:\IdeaMvn\org\skyscreamer\jsonassert\1.5.0\jsonassert-1.5.0.jar;D:\IdeaMvn\com\vaadin\external\google\android-json\0.0.20131108.vaadin1\android-json-0.0.20131108.vaadin1.jar;D:\IdeaMvn\org\springframework\spring-test\5.1.5.RELEASE\spring-test-5.1.5.RELEASE.jar;D:\IdeaMvn\org\xmlunit\xmlunit-core\2.6.2\xmlunit-core-2.6.2.jar;D:\IdeaMvn\mysql\mysql-connector-java\5.1.25\mysql-connector-java-5.1.25.jar;D:\IdeaMvn\com\alibaba\druid\1.0.5\druid-1.0.5.jar;D:\IdeaMvn\org\mybatis\spring\boot\mybatis-spring-boot-starter\1.3.1\mybatis-spring-boot-starter-1.3.1.jar;D:\IdeaMvn\org\springframework\boot\spring-boot-starter-jdbc\2.1.3.RELEASE\spring-boot-starter-jdbc-2.1.3.RELEASE.jar;D:\IdeaMvn\com\zaxxer\HikariCP\3.2.0\HikariCP-3.2.0.jar;D:\IdeaMvn\org\springframework\spring-jdbc\5.1.5.RELEASE\spring-jdbc-5.1.5.RELEASE.jar;D:\IdeaMvn\org\springframework\spring-tx\5.1.5.RELEASE\spring-tx-5.1.5.RELEASE.jar;D:\IdeaMvn\org\mybatis\spring\boot\mybatis-spring-boot-autoconfigure\1.3.1\mybatis-spring-boot-autoconfigure-1.3.1.jar;D:\IdeaMvn\org\mybatis\mybatis\3.4.5\mybatis-3.4.5.jar;D:\IdeaMvn\org\mybatis\mybatis-spring\1.3.1\mybatis-spring-1.3.1.jar;D:\IdeaMvn\org\springframework\boot\spring-boot-starter-web\2.1.3.RELEASE\spring-boot-starter-web-2.1.3.RELEASE.jar;D:\IdeaMvn\org\springframework\boot\spring-boot-starter-json\2.1.3.RELEASE\spring-boot-starter-json-2.1.3.RELEASE.jar;D:\IdeaMvn\com\fasterxml\jackson\core\jackson-databind\2.9.8\jackson-databind-2.9.8.jar;D:\IdeaMvn\com\fasterxml\jackson\core\jackson-core\2.9.8\jackson-core-2.9.8.jar;D:\IdeaMvn\com\fasterxml\jackson\datatype\jackson-datatype-jdk8\2.9.8\jackson-datatype-jdk8-2.9.8.jar;D:\IdeaMvn\com\fasterxml\jackson\datatype\jackson-datatype-jsr310\2.9.8\jackson-datatype-jsr310-2.9.8.jar;D:\IdeaMvn\com\fasterxml\jackson\module\jackson-module-parameter-names\2.9.8\jackson-module-parameter-names-2.9.8.jar;D:\IdeaMvn\org\springframework\boot\spring-boot-starter-tomcat\2.1.3.RELEASE\spring-boot-starter-tomcat-2.1.3.RELEASE.jar;D:\IdeaMvn\org\apache\tomcat\embed\tomcat-embed-core\9.0.16\tomcat-embed-core-9.0.16.jar;D:\IdeaMvn\org\apache\tomcat\embed\tomcat-embed-el\9.0.16\tomcat-embed-el-9.0.16.jar;D:\IdeaMvn\org\apache\tomcat\embed\tomcat-embed-websocket\9.0.16\tomcat-embed-websocket-9.0.16.jar;D:\IdeaMvn\org\hibernate\validator\hibernate-validator\6.0.14.Final\hibernate-validator-6.0.14.Final.jar;D:\IdeaMvn\javax\validation\validation-api\2.0.1.Final\validation-api-2.0.1.Final.jar;D:\IdeaMvn\org\jboss\logging\jboss-logging\3.3.2.Final\jboss-logging-3.3.2.Final.jar;D:\IdeaMvn\org\springframework\spring-web\5.1.5.RELEASE\spring-web-5.1.5.RELEASE.jar;D:\IdeaMvn\org\springframework\spring-beans\5.1.5.RELEASE\spring-beans-5.1.5.RELEASE.jar;D:\IdeaMvn\org\springframework\spring-webmvc\5.1.5.RELEASE\spring-webmvc-5.1.5.RELEASE.jar;D:\IdeaMvn\org\springframework\spring-aop\5.1.5.RELEASE\spring-aop-5.1.5.RELEASE.jar;D:\IdeaMvn\org\springframework\spring-expression\5.1.5.RELEASE\spring-expression-5.1.5.RELEASE.jar;D:\IdeaMvn\com\alibaba\fastjson\1.2.46\fastjson-1.2.46.jar;D:\IdeaMvn\commons-lang\commons-lang\2.6\commons-lang-2.6.jar;D:\IdeaMvn\net\sourceforge\nekohtml\nekohtml\1.9.20\nekohtml-1.9.20.jar;D:\IdeaMvn\xerces\xercesImpl\2.10.0\xercesImpl-2.10.0.jar;D:\IdeaMvn\org\springframework\boot\spring-boot-starter-thymeleaf\2.1.3.RELEASE\spring-boot-starter-thymeleaf-2.1.3.RELEASE.jar;D:\IdeaMvn\org\thymeleaf\thymeleaf-spring5\3.0.11.RELEASE\thymeleaf-spring5-3.0.11.RELEASE.jar;D:\IdeaMvn\org\thymeleaf\thymeleaf\3.0.11.RELEASE\thymeleaf-3.0.11.RELEASE.jar;D:\IdeaMvn\org\attoparser\attoparser\2.0.5.RELEASE\attoparser-2.0.5.RELEASE.jar;D:\IdeaMvn\org\unbescape\unbescape\1.1.6.RELEASE\unbescape-1.1.6.RELEASE.jar;D:\IdeaMvn\org\thymeleaf\extras\thymeleaf-extras-java8time\3.0.3.RELEASE\thymeleaf-extras-java8time-3.0.3.RELEASE.jar;D:\IdeaMvn\commons-beanutils\commons-beanutils\1.9.3\commons-beanutils-1.9.3.jar;D:\IdeaMvn\commons-logging\commons-logging\1.2\commons-logging-1.2.jar;D:\IdeaMvn\commons-collections\commons-collections\3.2.2\commons-collections-3.2.2.jar;D:\IdeaMvn\net\java\dev\jna\jna\4.5.1\jna-4.5.1.jar;D:\IdeaMvn\org\jsoup\jsoup\1.11.2\jsoup-1.11.2.jar;D:\IdeaMvn\org\projectlombok\lombok\1.18.6\lombok-1.18.6.jar;D:\IdeaMvn\io\springfox\springfox-swagger2\2.7.0\springfox-swagger2-2.7.0.jar;D:\IdeaMvn\io\swagger\swagger-annotations\1.5.13\swagger-annotations-1.5.13.jar;D:\IdeaMvn\io\swagger\swagger-models\1.5.13\swagger-models-1.5.13.jar;D:\IdeaMvn\com\fasterxml\jackson\core\jackson-annotations\2.9.0\jackson-annotations-2.9.0.jar;D:\IdeaMvn\io\springfox\springfox-spi\2.7.0\springfox-spi-2.7.0.jar;D:\IdeaMvn\io\springfox\springfox-core\2.7.0\springfox-core-2.7.0.jar;D:\IdeaMvn\io\springfox\springfox-schema\2.7.0\springfox-schema-2.7.0.jar;D:\IdeaMvn\io\springfox\springfox-swagger-common\2.7.0\springfox-swagger-common-2.7.0.jar;D:\IdeaMvn\io\springfox\springfox-spring-web\2.7.0\springfox-spring-web-2.7.0.jar;D:\IdeaMvn\org\reflections\reflections\0.9.11\reflections-0.9.11.jar;D:\IdeaMvn\org\javassist\javassist\3.21.0-GA\javassist-3.21.0-GA.jar;D:\IdeaMvn\com\google\guava\guava\18.0\guava-18.0.jar;D:\IdeaMvn\com\fasterxml\classmate\1.4.0\classmate-1.4.0.jar;D:\IdeaMvn\org\slf4j\slf4j-api\1.7.25\slf4j-api-1.7.25.jar;D:\IdeaMvn\org\springframework\plugin\spring-plugin-core\1.2.0.RELEASE\spring-plugin-core-1.2.0.RELEASE.jar;D:\IdeaMvn\org\springframework\plugin\spring-plugin-metadata\1.2.0.RELEASE\spring-plugin-metadata-1.2.0.RELEASE.jar;D:\IdeaMvn\org\mapstruct\mapstruct\1.1.0.Final\mapstruct-1.1.0.Final.jar;D:\IdeaMvn\io\springfox\springfox-swagger-ui\2.7.0\springfox-swagger-ui-2.7.0.jar;D:\IdeaMvn\com\baomidou\mybatis-plus-boot-starter\3.0.5\mybatis-plus-boot-starter-3.0.5.jar;D:\IdeaMvn\com\baomidou\mybatis-plus\3.0.5\mybatis-plus-3.0.5.jar;D:\IdeaMvn\com\baomidou\mybatis-plus-extension\3.0.5\mybatis-plus-extension-3.0.5.jar;D:\IdeaMvn\com\baomidou\mybatis-plus-core\3.0.5\mybatis-plus-core-3.0.5.jar;D:\IdeaMvn\com\baomidou\mybatis-plus-annotation\3.0.5\mybatis-plus-annotation-3.0.5.jar;D:\IdeaMvn\com\github\jsqlparser\jsqlparser\1.2\jsqlparser-1.2.jar;D:\IdeaMvn\com\baomidou\mybatis-plus-generator\3.0.5\mybatis-plus-generator-3.0.5.jar;D:\IdeaMvn\org\springframework\boot\spring-boot-configuration-processor\2.1.3.RELEASE\spring-boot-configuration-processor-2.1.3.RELEASE.jar;D:\IdeaMvn\org\apache\velocity\velocity-engine-core\2.0\velocity-engine-core-2.0.jar;D:\IdeaMvn\org\apache\commons\commons-lang3\3.7\commons-lang3-3.7.jar;D:\IdeaMvn\org\apache\poi\poi\3.9\poi-3.9.jar;D:\IdeaMvn\commons-codec\commons-codec\1.11\commons-codec-1.11.jar;D:\IdeaMvn\commons-fileupload\commons-fileupload\1.3.1\commons-fileupload-1.3.1.jar;D:\IdeaMvn\commons-io\commons-io\2.2\commons-io-2.2.jar;D:\IdeaMvn\xml-apis\xml-apis\1.4.01\xml-apis-1.4.01.jar;D:\IdeaMvn\org\apache\httpcomponents\httpclient\4.5.5\httpclient-4.5.5.jar;D:\IdeaMvn\org\apache\httpcomponents\httpcore\4.4.11\httpcore-4.4.11.jar;D:\IdeaMvn\com\google\code\gson\gson\2.8.5\gson-2.8.5.jar;"/>
    <property name="sun.cpu.endian" value="little"/>
    <property name="user.home" value="C:\Users\Administrator"/>
    <property name="user.language" value="zh"/>
    <property name="java.specification.vendor" value="Oracle Corporation"/>
    <property name="java.home" value="C:\Program Files\Java\jdk1.8.0_181\jre"/>
    <property name="basedir" value="D:\IdeaWork\management"/>
    <property name="file.separator" value="\"/>
    <property name="line.separator" value="&#10;"/>
    <property name="java.vm.specification.vendor" value="Oracle Corporation"/>
    <property name="java.specification.name" value="Java Platform API Specification"/>
    <property name="java.awt.graphicsenv" value="sun.awt.Win32GraphicsEnvironment"/>
    <property name="surefire.real.class.path" value="C:\Users\ADMINI~1\AppData\Local\Temp\surefire7614587063251480912\surefirebooter2585810517599601702.jar"/>
    <property name="sun.boot.class.path" value="C:\Program Files\Java\jdk1.8.0_181\jre\lib\resources.jar;C:\Program Files\Java\jdk1.8.0_181\jre\lib\rt.jar;C:\Program Files\Java\jdk1.8.0_181\jre\lib\sunrsasign.jar;C:\Program Files\Java\jdk1.8.0_181\jre\lib\jsse.jar;C:\Program Files\Java\jdk1.8.0_181\jre\lib\jce.jar;C:\Program Files\Java\jdk1.8.0_181\jre\lib\charsets.jar;C:\Program Files\Java\jdk1.8.0_181\jre\lib\jfr.jar;C:\Program Files\Java\jdk1.8.0_181\jre\classes"/>
    <property name="user.script" value=""/>
    <property name="sun.management.compiler" value="HotSpot 64-Bit Tiered Compilers"/>
    <property name="java.runtime.version" value="1.8.0_181-b13"/>
    <property name="user.name" value="Administrator"/>
    <property name="path.separator" value=";"/>
    <property name="os.version" value="10.0"/>
    <property name="java.endorsed.dirs" value="C:\Program Files\Java\jdk1.8.0_181\jre\lib\endorsed"/>
    <property name="java.runtime.name" value="Java(TM) SE Runtime Environment"/>
    <property name="file.encoding" value="GBK"/>
    <property name="java.vm.name" value="Java HotSpot(TM) 64-Bit Server VM"/>
    <property name="localRepository" value="D:\IdeaMvn"/>
    <property name="java.vendor.url.bug" value="http://bugreport.sun.com/bugreport/"/>
    <property name="java.io.tmpdir" value="C:\Users\ADMINI~1\AppData\Local\Temp\"/>
    <property name="java.version" value="1.8.0_181"/>
    <property name="user.dir" value="D:\IdeaWork\management"/>
    <property name="os.arch" value="amd64"/>
    <property name="java.vm.specification.name" value="Java Virtual Machine Specification"/>
    <property name="java.awt.printerjob" value="sun.awt.windows.WPrinterJob"/>
    <property name="sun.os.patch.level" value=""/>
    <property name="java.library.path" value="C:\Program Files\Java\jdk1.8.0_181\jre\bin;C:\Windows\Sun\Java\bin;C:\Windows\system32;C:\Windows;C:\Program Files (x86)\Common Files\Oracle\Java\javapath;C:\Program Files\Java\jdk1.8.0_181\bin;C:\Program Files\Java\jdk1.8.0_181\jre\bin;C:\Windows\system32;C:\Windows;C:\Windows\System32\Wbem;C:\Windows\System32\WindowsPowerShell\v1.0\;C:\Program Files\MySQL\MySQL Server 5.5\bin;C:\Program Files\apache-maven-3.2.2\bin;C:\Program Files\Git\cmd;C:\Users\Administrator\AppData\Local\Microsoft\WindowsApps;;C:\Program Files\JetBrains\IntelliJ IDEA 2019.1\bin;;."/>
    <property name="java.vm.info" value="mixed mode"/>
    <property name="java.vendor" value="Oracle Corporation"/>
    <property name="java.vm.version" value="25.181-b13"/>
    <property name="java.ext.dirs" value="C:\Program Files\Java\jdk1.8.0_181\jre\lib\ext;C:\Windows\Sun\Java\lib\ext"/>
    <property name="sun.io.unicode.encoding" value="UnicodeLittle"/>
    <property name="java.class.version" value="52.0"/>
  </properties>
  <testcase name="com.zy.gongzhonghao.management.ManagementApplicationTests" classname="com.zy.gongzhonghao.management.ManagementApplicationTests" time="0">
    <skipped/>
  </testcase>
</testsuite>